[2022-03-26 13:08:17] app.ERROR: Data from PrestaShop Addons is invalid, and cannot fallback on cache. [] []
[2022-03-26 13:08:18] app.INFO: Protect vendor folder in module blockwishlist [] []
[2022-03-26 13:08:18] app.INFO: Module blockwishlist has no vendor folder [] []
[2022-03-26 13:08:18] app.INFO: Protect vendor folder in module contactform [] []
[2022-03-26 13:08:18] app.INFO: Module contactform has no vendor folder [] []
[2022-03-26 13:08:18] app.INFO: Protect vendor folder in module dashactivity [] []
[2022-03-26 13:08:18] app.INFO: Module dashactivity has no vendor folder [] []
[2022-03-26 13:08:18] app.INFO: Protect vendor folder in module dashtrends [] []
[2022-03-26 13:08:18] app.INFO: Module dashtrends has no vendor folder [] []
[2022-03-26 13:08:18] app.INFO: Protect vendor folder in module dashgoals [] []
[2022-03-26 13:08:18] app.INFO: Module dashgoals has no vendor folder [] []
[2022-03-26 13:08:18] app.INFO: Protect vendor folder in module dashproducts [] []
[2022-03-26 13:08:18] app.INFO: Module dashproducts has no vendor folder [] []
[2022-03-26 13:08:18] app.INFO: Protect vendor folder in module graphnvd3 [] []
[2022-03-26 13:08:18] app.INFO: Module graphnvd3 has no vendor folder [] []
[2022-03-26 13:08:18] app.INFO: Protect vendor folder in module gridhtml [] []
[2022-03-26 13:08:18] app.INFO: Module gridhtml has no vendor folder [] []
[2022-03-26 13:08:18] app.INFO: Protect vendor folder in module gsitemap [] []
[2022-03-26 13:08:18] app.INFO: Module gsitemap has no vendor folder [] []
[2022-03-26 13:08:18] app.INFO: Protect vendor folder in module pagesnotfound [] []
[2022-03-26 13:08:18] app.INFO: Module pagesnotfound has no vendor folder [] []
[2022-03-26 13:08:19] app.INFO: Protect vendor folder in module productcomments [] []
[2022-03-26 13:08:19] app.INFO: Module productcomments has no vendor folder [] []
[2022-03-26 13:08:19] app.INFO: Protect vendor folder in module ps_banner [] []
[2022-03-26 13:08:19] app.INFO: Module ps_banner has no vendor folder [] []
[2022-03-26 13:08:19] app.INFO: Protect vendor folder in module ps_categorytree [] []
[2022-03-26 13:08:19] app.INFO: Module ps_categorytree has no vendor folder [] []
[2022-03-26 13:08:19] app.INFO: Protect vendor folder in module ps_checkpayment [] []
[2022-03-26 13:08:19] app.INFO: Module ps_checkpayment has no vendor folder [] []
[2022-03-26 13:08:19] app.INFO: Protect vendor folder in module ps_contactinfo [] []
[2022-03-26 13:08:19] app.INFO: Module ps_contactinfo has no vendor folder [] []
[2022-03-26 13:08:19] app.INFO: Protect vendor folder in module ps_crossselling [] []
[2022-03-26 13:08:19] app.INFO: Module ps_crossselling has no vendor folder [] []
[2022-03-26 13:08:19] app.INFO: Protect vendor folder in module ps_currencyselector [] []
[2022-03-26 13:08:19] app.INFO: Module ps_currencyselector has no vendor folder [] []
[2022-03-26 13:08:19] app.INFO: Protect vendor folder in module ps_customeraccountlinks [] []
[2022-03-26 13:08:19] app.INFO: Module ps_customeraccountlinks has no vendor folder [] []
[2022-03-26 13:08:19] app.INFO: Protect vendor folder in module ps_customersignin [] []
[2022-03-26 13:08:19] app.INFO: Module ps_customersignin has no vendor folder [] []
[2022-03-26 13:08:19] app.INFO: Protect vendor folder in module ps_customtext [] []
[2022-03-26 13:08:19] app.INFO: Module ps_customtext has no vendor folder [] []
[2022-03-26 13:08:19] app.INFO: Protect vendor folder in module ps_dataprivacy [] []
[2022-03-26 13:08:19] app.INFO: Module ps_dataprivacy has no vendor folder [] []
[2022-03-26 13:08:19] app.INFO: Protect vendor folder in module ps_emailsubscription [] []
[2022-03-26 13:08:19] app.INFO: Module ps_emailsubscription has no vendor folder [] []
[2022-03-26 13:08:20] app.INFO: Protect vendor folder in module ps_facetedsearch [] []
[2022-03-26 13:08:20] app.INFO: Module ps_facetedsearch has no vendor folder [] []
[2022-03-26 13:08:20] app.INFO: Protect vendor folder in module ps_faviconnotificationbo [] []
[2022-03-26 13:08:20] app.INFO: Module ps_faviconnotificationbo has no vendor folder [] []
[2022-03-26 13:08:20] app.INFO: Protect vendor folder in module ps_featuredproducts [] []
[2022-03-26 13:08:20] app.INFO: Module ps_featuredproducts has no vendor folder [] []
[2022-03-26 13:08:20] app.INFO: Protect vendor folder in module ps_imageslider [] []
[2022-03-26 13:08:20] app.INFO: Module ps_imageslider has no vendor folder [] []
[2022-03-26 13:08:20] app.INFO: Protect vendor folder in module ps_languageselector [] []
[2022-03-26 13:08:20] app.INFO: Module ps_languageselector has no vendor folder [] []
[2022-03-26 13:08:20] app.INFO: Protect vendor folder in module ps_linklist [] []
[2022-03-26 13:08:20] app.INFO: Module ps_linklist has no vendor folder [] []
[2022-03-26 13:08:21] app.INFO: Protect vendor folder in module ps_mainmenu [] []
[2022-03-26 13:08:21] app.INFO: Module ps_mainmenu has no vendor folder [] []
[2022-03-26 13:08:21] app.INFO: Protect vendor folder in module ps_searchbar [] []
[2022-03-26 13:08:21] app.INFO: Module ps_searchbar has no vendor folder [] []
[2022-03-26 13:08:21] app.INFO: Protect vendor folder in module ps_sharebuttons [] []
[2022-03-26 13:08:21] app.INFO: Module ps_sharebuttons has no vendor folder [] []
[2022-03-26 13:08:21] app.INFO: Protect vendor folder in module ps_shoppingcart [] []
[2022-03-26 13:08:21] app.INFO: Module ps_shoppingcart has no vendor folder [] []
[2022-03-26 13:08:21] app.INFO: Protect vendor folder in module ps_socialfollow [] []
[2022-03-26 13:08:21] app.INFO: Module ps_socialfollow has no vendor folder [] []
[2022-03-26 13:08:21] app.INFO: Protect vendor folder in module ps_themecusto [] []
[2022-03-26 13:08:21] app.INFO: Module ps_themecusto has no vendor folder [] []
[2022-03-26 13:08:21] app.INFO: Protect vendor folder in module ps_wirepayment [] []
[2022-03-26 13:08:21] app.INFO: Module ps_wirepayment has no vendor folder [] []
[2022-03-26 13:08:21] app.INFO: Protect vendor folder in module statsbestcategories [] []
[2022-03-26 13:08:21] app.INFO: Module statsbestcategories has no vendor folder [] []
[2022-03-26 13:08:21] app.INFO: Protect vendor folder in module statsbestcustomers [] []
[2022-03-26 13:08:21] app.INFO: Module statsbestcustomers has no vendor folder [] []
[2022-03-26 13:08:21] app.INFO: Protect vendor folder in module statsbestproducts [] []
[2022-03-26 13:08:21] app.INFO: Module statsbestproducts has no vendor folder [] []
[2022-03-26 13:08:21] app.INFO: Protect vendor folder in module statsbestsuppliers [] []
[2022-03-26 13:08:21] app.INFO: Module statsbestsuppliers has no vendor folder [] []
[2022-03-26 13:08:21] app.INFO: Protect vendor folder in module statsbestvouchers [] []
[2022-03-26 13:08:21] app.INFO: Module statsbestvouchers has no vendor folder [] []
[2022-03-26 13:08:21] app.INFO: Protect vendor folder in module statscarrier [] []
[2022-03-26 13:08:21] app.INFO: Module statscarrier has no vendor folder [] []
[2022-03-26 13:08:22] app.INFO: Protect vendor folder in module statscatalog [] []
[2022-03-26 13:08:22] app.INFO: Module statscatalog has no vendor folder [] []
[2022-03-26 13:08:23] app.INFO: Protect vendor folder in module statscheckup [] []
[2022-03-26 13:08:23] app.INFO: Module statscheckup has no vendor folder [] []
[2022-03-26 13:08:23] app.INFO: Protect vendor folder in module statsdata [] []
[2022-03-26 13:08:23] app.INFO: Module statsdata has no vendor folder [] []
[2022-03-26 13:08:24] app.INFO: Protect vendor folder in module statsforecast [] []
[2022-03-26 13:08:24] app.INFO: Module statsforecast has no vendor folder [] []
[2022-03-26 13:08:24] app.INFO: Protect vendor folder in module statsnewsletter [] []
[2022-03-26 13:08:24] app.INFO: Module statsnewsletter has no vendor folder [] []
[2022-03-26 13:08:24] app.INFO: Protect vendor folder in module statspersonalinfos [] []
[2022-03-26 13:08:24] app.INFO: Module statspersonalinfos has no vendor folder [] []
[2022-03-26 13:08:25] app.INFO: Protect vendor folder in module statsproduct [] []
[2022-03-26 13:08:25] app.INFO: Module statsproduct has no vendor folder [] []
[2022-03-26 13:08:25] app.INFO: Protect vendor folder in module statsregistrations [] []
[2022-03-26 13:08:25] app.INFO: Module statsregistrations has no vendor folder [] []
[2022-03-26 13:08:25] app.INFO: Protect vendor folder in module statssales [] []
[2022-03-26 13:08:25] app.INFO: Module statssales has no vendor folder [] []
[2022-03-26 13:08:26] app.INFO: Protect vendor folder in module statssearch [] []
[2022-03-26 13:08:26] app.INFO: Module statssearch has no vendor folder [] []
[2022-03-26 13:08:27] app.INFO: Protect vendor folder in module statsstock [] []
[2022-03-26 13:08:27] app.INFO: Module statsstock has no vendor folder [] []
[2022-03-26 13:08:28] app.INFO: Protect vendor folder in module welcome [] []
[2022-03-26 13:08:28] app.INFO: Module welcome has no vendor folder [] []
[2022-03-26 13:21:00] app.ERROR: Data from PrestaShop Addons is invalid, and cannot fallback on cache. [] []
[2022-03-26 13:21:01] app.INFO: Protect vendor folder in module gamification [] []
[2022-03-26 13:21:01] app.INFO: Protect vendor folder in module psgdpr [] []
[2022-03-26 13:21:01] app.INFO: Protect vendor folder in module ps_mbo [] []
[2022-03-26 13:21:01] app.INFO: Protect vendor folder in module ps_buybuttonlite [] []
[2022-03-26 13:21:04] app.INFO: Protect vendor folder in module ps_metrics [] []
[2022-03-26 13:21:04] app.INFO: Protect vendor folder in module ps_facebook [] []
[2022-03-26 13:21:06] app.INFO: Protect vendor folder in module psxmarketingwithgoogle [] []
[2022-03-26 13:21:48] app.ERROR: Data from PrestaShop Addons is invalid, and cannot fallback on cache. [] []
[2022-03-26 13:21:49] app.INFO: Protect vendor folder in module blockreassurance [] []
[2022-03-26 13:21:49] app.INFO: Module blockreassurance has no vendor folder [] []
[2022-03-26 13:22:35] app.ERROR: Data from PrestaShop Addons is invalid, and cannot fallback on cache. [] []
[2022-03-26 13:22:36] app.INFO: Protect vendor folder in module ps_facetedsearch [] []
[2022-03-26 13:22:36] app.INFO: Module ps_facetedsearch has no vendor folder [] []
[2022-03-27 15:00:20] request.INFO: Matched route "admin_module_catalog_refresh". {"route":"admin_module_catalog_refresh","route_parameters":{"category":null,"keyword":null,"_controller":"PrestaShopBundle\\Controller\\Admin\\Improve\\ModuleController::refreshCatalogAction","_legacy_controller":"AdminModulesCatalog","_legacy_link":"AdminModulesCatalog:refresh","_route":"admin_module_catalog_refresh"},"request_uri":"https://localhost/PrestaShop/admin7524ytljo/index.php/improve/modules/catalog/refresh?_token=CGjV6BFA8DnIteoha2dIWIKuUlOdEX5BH3XEVPs8qy4","method":"GET"} []
[2022-03-27 15:00:21] security.DEBUG: Read existing security token from the session. {"key":"_security_main","token_class":"Symfony\\Component\\Security\\Core\\Authentication\\Token\\UsernamePasswordToken"} []
[2022-03-27 15:00:21] security.DEBUG: User was reloaded from a user provider. {"provider":"PrestaShopBundle\\Security\\Admin\\EmployeeProvider","username":"221910696@stis.ac.id"} []
[2022-03-27 15:00:27] app.ERROR: Data from PrestaShop Addons is invalid, and cannot fallback on cache. [] []
[2022-03-27 15:00:29] security.DEBUG: Stored the security token in the session. {"key":"_security_main"} []
[2022-03-27 15:00:20] request.INFO: Matched route "admin_module_notification_count". {"route":"admin_module_notification_count","route_parameters":{"_controller":"PrestaShopBundle\\Controller\\Admin\\Improve\\Modules\\AlertsController::notificationsCountAction","_legacy_controller":"AdminModulesNotifications","_legacy_link":"AdminModulesNotifications:count","_route":"admin_module_notification_count"},"request_uri":"https://localhost/PrestaShop/admin7524ytljo/index.php/improve/modules/alerts/count?_token=CGjV6BFA8DnIteoha2dIWIKuUlOdEX5BH3XEVPs8qy4","method":"GET"} []
[2022-03-27 15:00:29] security.DEBUG: Read existing security token from the session. {"key":"_security_main","token_class":"Symfony\\Component\\Security\\Core\\Authentication\\Token\\UsernamePasswordToken"} []
[2022-03-27 15:00:29] security.DEBUG: User was reloaded from a user provider. {"provider":"PrestaShopBundle\\Security\\Admin\\EmployeeProvider","username":"221910696@stis.ac.id"} []
[2022-03-27 15:00:35] app.ERROR: Data from PrestaShop Addons is invalid, and cannot fallback on cache. [] []
[2022-03-27 15:00:38] security.DEBUG: Stored the security token in the session. {"key":"_security_main"} []
[2022-03-27 15:16:12] request.INFO: Matched route "admin_module_manage_action". {"route":"admin_module_manage_action","route_parameters":{"_controller":"PrestaShopBundle\\Controller\\Admin\\Improve\\ModuleController::moduleAction","action":"install","module_name":"blockonomics","_route":"admin_module_manage_action"},"request_uri":"https://localhost/PrestaShop/admin7524ytljo/index.php/improve/modules/manage/action/install/blockonomics?_token=CGjV6BFA8DnIteoha2dIWIKuUlOdEX5BH3XEVPs8qy4","method":"POST"} []
[2022-03-27 15:16:12] security.DEBUG: Read existing security token from the session. {"key":"_security_main","token_class":"Symfony\\Component\\Security\\Core\\Authentication\\Token\\UsernamePasswordToken"} []
[2022-03-27 15:16:12] security.DEBUG: User was reloaded from a user provider. {"provider":"PrestaShopBundle\\Security\\Admin\\EmployeeProvider","username":"221910696@stis.ac.id"} []
[2022-03-27 15:16:17] app.ERROR: Data from PrestaShop Addons is invalid, and cannot fallback on cache. [] []
[2022-03-27 15:16:17] app.INFO: Protect vendor folder in module blockonomics [] []
[2022-03-27 15:16:18] app.INFO: Module blockonomics has no vendor folder [] []
[2022-03-27 15:16:18] security.DEBUG: Stored the security token in the session. {"key":"_security_main"} []
[2022-03-27 15:17:38] request.CRITICAL: Uncaught PHP Exception Symfony\Component\Filesystem\Exception\IOException: "Cannot rename "C:\xampp\htdocs\PrestaShop\var\cache\prod\appE02F.tmp" to "C:\xampp\htdocs\PrestaShop\var\cache\prod/appProdProjectContainerUrlMatcher.php"." at C:\xampp\htdocs\PrestaShop\vendor\symfony\symfony\src\Symfony\Component\Filesystem\Filesystem.php line 289 {"exception":"[object] (Symfony\\Component\\Filesystem\\Exception\\IOException(code: 0): Cannot rename \"C:\\xampp\\htdocs\\PrestaShop\\var\\cache\\prod\\appE02F.tmp\" to \"C:\\xampp\\htdocs\\PrestaShop\\var\\cache\\prod/appProdProjectContainerUrlMatcher.php\". at C:\\xampp\\htdocs\\PrestaShop\\vendor\\symfony\\symfony\\src\\Symfony\\Component\\Filesystem\\Filesystem.php:289)"} []
[2022-03-27 15:17:38] request.INFO: Matched route "admin_module_configure_action". {"route":"admin_module_configure_action","route_parameters":{"_controller":"PrestaShopBundle\\Controller\\Admin\\Improve\\ModuleController::configureModuleAction","_legacy_controller":"AdminModules","module_name":"blockonomics","_route":"admin_module_configure_action"},"request_uri":"https://localhost/PrestaShop/admin7524ytljo/index.php/improve/modules/manage/action/configure/blockonomics?_token=CGjV6BFA8DnIteoha2dIWIKuUlOdEX5BH3XEVPs8qy4","method":"GET"} []
[2022-03-27 15:17:38] security.DEBUG: Read existing security token from the session. {"key":"_security_main","token_class":"Symfony\\Component\\Security\\Core\\Authentication\\Token\\UsernamePasswordToken"} []
[2022-03-27 15:17:38] security.DEBUG: User was reloaded from a user provider. {"provider":"PrestaShopBundle\\Security\\Admin\\EmployeeProvider","username":"221910696@stis.ac.id"} []
[2022-03-27 15:17:45] app.ERROR: Data from PrestaShop Addons is invalid, and cannot fallback on cache. [] []
[2022-03-27 15:17:45] security.DEBUG: Stored the security token in the session. {"key":"_security_main"} []
[2022-03-27 15:18:30] request.INFO: Matched route "admin_module_manage_action". {"route":"admin_module_manage_action","route_parameters":{"_controller":"PrestaShopBundle\\Controller\\Admin\\Improve\\ModuleController::moduleAction","action":"install","module_name":"recaptcha","_route":"admin_module_manage_action"},"request_uri":"https://localhost/PrestaShop/admin7524ytljo/index.php/improve/modules/manage/action/install/recaptcha?_token=CGjV6BFA8DnIteoha2dIWIKuUlOdEX5BH3XEVPs8qy4","method":"POST"} []
[2022-03-27 15:18:30] security.DEBUG: Read existing security token from the session. {"key":"_security_main","token_class":"Symfony\\Component\\Security\\Core\\Authentication\\Token\\UsernamePasswordToken"} []
[2022-03-27 15:18:30] security.DEBUG: User was reloaded from a user provider. {"provider":"PrestaShopBundle\\Security\\Admin\\EmployeeProvider","username":"221910696@stis.ac.id"} []
[2022-03-27 15:18:35] app.ERROR: Data from PrestaShop Addons is invalid, and cannot fallback on cache. [] []
[2022-03-27 15:18:37] app.INFO: Protect vendor folder in module recaptcha [] []
[2022-03-27 15:18:37] app.INFO: Module recaptcha has no vendor folder [] []
[2022-03-27 15:18:37] security.DEBUG: Stored the security token in the session. {"key":"_security_main"} []
[2022-03-27 15:19:15] request.INFO: Matched route "admin_module_configure_action". {"route":"admin_module_configure_action","route_parameters":{"_controller":"PrestaShopBundle\\Controller\\Admin\\Improve\\ModuleController::configureModuleAction","_legacy_controller":"AdminModules","module_name":"recaptcha","_route":"admin_module_configure_action"},"request_uri":"https://localhost/PrestaShop/admin7524ytljo/index.php/improve/modules/manage/action/configure/recaptcha?_token=CGjV6BFA8DnIteoha2dIWIKuUlOdEX5BH3XEVPs8qy4","method":"GET"} []
[2022-03-27 15:19:15] security.DEBUG: Read existing security token from the session. {"key":"_security_main","token_class":"Symfony\\Component\\Security\\Core\\Authentication\\Token\\UsernamePasswordToken"} []
[2022-03-27 15:19:15] security.DEBUG: User was reloaded from a user provider. {"provider":"PrestaShopBundle\\Security\\Admin\\EmployeeProvider","username":"221910696@stis.ac.id"} []
[2022-03-27 15:19:24] app.ERROR: Data from PrestaShop Addons is invalid, and cannot fallback on cache. [] []
[2022-03-27 15:19:24] security.DEBUG: Stored the security token in the session. {"key":"_security_main"} []
